2022-03-07 07:14:22,954 (root) ->  INFO :: Start fetching data from API [source : TWITTER, client : COCA, date : 2022-03-07]
2022-03-07 07:14:22,954 (root) ->  INFO :: Start fetching data from API [source : TWITTER, client : NETFLIX, date : 2022-03-07]
2022-03-07 07:14:22,954 (root) ->  INFO :: Start uploading files on the datalake [source : TWITTER, client : COCA, date : 2022-03-07]
2022-03-07 07:14:22,954 (root) ->  INFO :: Start uploading files on the datalake [source : TWITTER, client : NETFLIX, date : 2022-03-07]
2022-03-07 07:16:38,259 (root) ->  INFO :: Start fetching data from API [source : TWITTER, client : COCA, date : 2022-03-07]
2022-03-07 07:16:38,259 (root) ->  INFO :: Start fetching data from API [source : TWITTER, client : NETFLIX, date : 2022-03-07]
2022-03-07 07:17:00,767 (root) ->  INFO :: Start uploading files on the datalake [source : TWITTER, client : COCA, date : 2022-03-07]
2022-03-07 07:17:00,767 (root) ->  INFO :: Start analysis [file : data/twitter/_TWITTER_COCA_2022-02-25_UNK_EN.csv, source : TWITTER, client : COCA, date : 2022-03-07]
2022-03-07 07:17:01,060 (root) ->  INFO :: Start storage of analyse results [file : data/twitter/_TWITTER_COCA_2022-02-25_UNK_EN.csv, source : TWITTER, client : COCA, date : 2022-03-07]
2022-03-07 07:17:02,306 (root) ->  INFO :: Start uploading files on the datalake [source : TWITTER, client : NETFLIX, date : 2022-03-07]
2022-03-07 07:17:02,307 (root) ->  INFO :: Start analysis [file : data/twitter/_TWITTER_NETFLIX_2022-03-07_UNK_EN.csv, source : TWITTER, client : NETFLIX, date : 2022-03-07]
2022-03-07 07:17:02,994 (root) ->  INFO :: Start storage of analyse results [file : data/twitter/_TWITTER_NETFLIX_2022-03-07_UNK_EN.csv, source : TWITTER, client : NETFLIX, date : 2022-03-07]
2022-03-07 07:17:02,994 (root) ->  ERROR :: Error occurred during storage of analyse results  [file : data/twitter/_TWITTER_NETFLIX_2022-03-07_UNK_EN.csv, source : TWITTER, client : NETFLIX, date : 2022-03-07]2013 (HY000): Lost connection to MySQL server during query
2022-03-07 07:20:21,464 (root) ->  INFO :: Start fetching data from API [source : TWITTER, client : COCA, date : 2022-03-07]
2022-03-07 07:20:21,464 (root) ->  INFO :: Start uploading files on the datalake [source : TWITTER, client : COCA, date : 2022-03-07]
2022-03-07 07:20:21,465 (root) ->  INFO :: Start fetching data from API [source : TWITTER, client : NETFLIX, date : 2022-03-07]
2022-03-07 07:20:21,465 (root) ->  INFO :: Start uploading files on the datalake [source : TWITTER, client : NETFLIX, date : 2022-03-07]
2022-03-07 07:20:21,465 (root) ->  INFO :: Start analysis [file : data/twitter/_TWITTER_COCA_2022-02-25_UNK_EN.csv, source : TWITTER, client : COCA, date : 2022-03-07]
2022-03-07 07:20:21,465 (root) ->  INFO :: Start analysis [file : data/twitter/_TWITTER_NETFLIX_2022-03-07_UNK_EN.csv, source : TWITTER, client : NETFLIX, date : 2022-03-07]
2022-03-07 07:20:21,694 (root) ->  INFO :: Start storage of analyse results [file : data/twitter/_TWITTER_COCA_2022-02-25_UNK_EN.csv, source : TWITTER, client : COCA, date : 2022-03-07]
2022-03-07 07:20:54,362 (root) ->  INFO :: Start fetching data from API [source : TWITTER, client : COCA, date : 2022-03-07]
2022-03-07 07:20:54,363 (root) ->  INFO :: Start fetching data from API [source : TWITTER, client : NETFLIX, date : 2022-03-07]
2022-03-07 07:20:54,363 (root) ->  INFO :: Start uploading files on the datalake [source : TWITTER, client : COCA, date : 2022-03-07]
2022-03-07 07:20:54,363 (root) ->  INFO :: Start uploading files on the datalake [source : TWITTER, client : NETFLIX, date : 2022-03-07]
2022-03-07 07:20:54,363 (root) ->  INFO :: Start analysis [file : data/twitter/_TWITTER_COCA_2022-02-25_UNK_EN.csv, source : TWITTER, client : COCA, date : 2022-03-07]
2022-03-07 07:20:54,363 (root) ->  INFO :: Start analysis [file : data/twitter/_TWITTER_NETFLIX_2022-03-07_UNK_EN.csv, source : TWITTER, client : NETFLIX, date : 2022-03-07]
2022-03-07 07:20:54,590 (root) ->  INFO :: Start storage of analyse results [file : data/twitter/_TWITTER_COCA_2022-02-25_UNK_EN.csv, source : TWITTER, client : COCA, date : 2022-03-07]
2022-03-07 07:22:15,899 (root) ->  INFO :: Start fetching data from API [source : TWITTER, client : COCA, date : 2022-03-07]
2022-03-07 07:22:15,899 (root) ->  INFO :: Start fetching data from API [source : TWITTER, client : NETFLIX, date : 2022-03-07]
2022-03-07 07:22:15,899 (root) ->  INFO :: Start uploading files on the datalake [source : TWITTER, client : COCA, date : 2022-03-07]
2022-03-07 07:22:15,899 (root) ->  INFO :: Start uploading files on the datalake [source : TWITTER, client : NETFLIX, date : 2022-03-07]
2022-03-07 07:22:15,899 (root) ->  INFO :: Start analysis [file : data/twitter/_TWITTER_COCA_2022-02-25_UNK_EN.csv, source : TWITTER, client : COCA, date : 2022-03-07]
2022-03-07 07:22:15,900 (root) ->  INFO :: Start analysis [file : data/twitter/_TWITTER_NETFLIX_2022-03-07_UNK_EN.csv, source : TWITTER, client : NETFLIX, date : 2022-03-07]
2022-03-07 07:22:17,297 (root) ->  INFO :: Start storage of analyse results [file : data/twitter/_TWITTER_COCA_2022-02-25_UNK_EN.csv, source : TWITTER, client : COCA, date : 2022-03-07]
2022-03-07 07:22:36,242 (root) ->  INFO :: Start fetching data from API [source : TWITTER, client : COCA, date : 2022-03-07]
2022-03-07 07:22:36,242 (root) ->  INFO :: Start fetching data from API [source : TWITTER, client : NETFLIX, date : 2022-03-07]
2022-03-07 07:22:43,824 (tweepy.api) ->  WARNING :: Rate limit reached. Sleeping for: 531
2022-03-07 07:22:43,829 (tweepy.api) ->  WARNING :: Rate limit reached. Sleeping for: 531
2022-03-07 07:31:49,308 (root) ->  ERROR :: Error occurred during fetching data from API [source : TWITTER, client : COCA, date : 2022-03-07]Failed to send request: HTTPSConnectionPool(host='api.twitter.com', port=443): Pool is closed.
2022-03-07 07:31:55,474 (root) ->  INFO :: Start uploading files on the datalake [source : TWITTER, client : NETFLIX, date : 2022-03-07]
2022-03-07 07:31:55,474 (root) ->  INFO :: Start analysis [file : data/twitter/_TWITTER_NETFLIX_2022-03-07_UNK_EN.csv, source : TWITTER, client : NETFLIX, date : 2022-03-07]
2022-03-07 07:31:55,933 (root) ->  INFO :: Start storage of analyse results [file : data/twitter/_TWITTER_NETFLIX_2022-03-07_UNK_EN.csv, source : TWITTER, client : NETFLIX, date : 2022-03-07]
2022-03-07 07:37:58,077 (root) ->  INFO :: Start fetching data from API [source : TWITTER, client : COCA, date : 2022-03-07]
2022-03-07 07:37:58,077 (root) ->  INFO :: Start fetching data from API [source : TWITTER, client : NETFLIX, date : 2022-03-07]
2022-03-07 07:38:17,832 (tweepy.api) ->  WARNING :: Rate limit reached. Sleeping for: 497
2022-03-07 07:38:17,893 (tweepy.api) ->  WARNING :: Rate limit reached. Sleeping for: 497
2022-03-07 07:46:43,362 (root) ->  INFO :: Start uploading files on the datalake [source : TWITTER, client : NETFLIX, date : 2022-03-07]
2022-03-07 07:46:43,362 (root) ->  INFO :: Start analysis [file : data/twitter/_TWITTER_NETFLIX_2022-03-07_UNK_EN.csv, source : TWITTER, client : NETFLIX, date : 2022-03-07]
2022-03-07 07:46:43,798 (root) ->  INFO :: Start storage of analyse results [file : data/twitter/_TWITTER_NETFLIX_2022-03-07_UNK_EN.csv, source : TWITTER, client : NETFLIX, date : 2022-03-07]
2022-03-07 07:46:44,043 (root) ->  INFO :: Start uploading files on the datalake [source : TWITTER, client : COCA, date : 2022-03-07]
2022-03-07 07:46:44,043 (root) ->  INFO :: Start analysis [file : data/twitter/_TWITTER_COCA_2022-02-25_UNK_EN.csv, source : TWITTER, client : COCA, date : 2022-03-07]
2022-03-07 07:46:44,344 (root) ->  INFO :: Start storage of analyse results [file : data/twitter/_TWITTER_COCA_2022-02-25_UNK_EN.csv, source : TWITTER, client : COCA, date : 2022-03-07]
2022-03-07 07:46:44,349 (root) ->  ERROR :: Error occurred during storage of analyse results  [file : data/twitter/_TWITTER_NETFLIX_2022-03-07_UNK_EN.csv, source : TWITTER, client : NETFLIX, date : 2022-03-07]2013 (HY000): Lost connection to MySQL server during query
2022-03-07 07:59:55,749 (root) ->  INFO :: Start fetching data from API [source : TWITTER, client : COCA, date : 2022-03-07]
2022-03-07 07:59:55,749 (root) ->  INFO :: Start fetching data from API [source : TWITTER, client : NETFLIX, date : 2022-03-07]
2022-03-07 08:00:19,810 (root) ->  INFO :: Start uploading files on the datalake [source : TWITTER, client : NETFLIX, date : 2022-03-07]
2022-03-07 08:00:19,811 (root) ->  INFO :: Start analysis [file : data/twitter/_TWITTER_NETFLIX_2022-03-07_UNK_EN.csv, source : TWITTER, client : NETFLIX, date : 2022-03-07]
2022-03-07 08:00:20,239 (root) ->  INFO :: Start storage of analyse results [file : data/twitter/_TWITTER_NETFLIX_2022-03-07_UNK_EN.csv, source : TWITTER, client : NETFLIX, date : 2022-03-07]
2022-03-07 08:00:21,159 (root) ->  INFO :: Start uploading files on the datalake [source : TWITTER, client : COCA, date : 2022-03-07]
2022-03-07 08:00:21,159 (root) ->  INFO :: Start analysis [file : data/twitter/_TWITTER_COCA_2022-02-25_UNK_EN.csv, source : TWITTER, client : COCA, date : 2022-03-07]
2022-03-07 08:00:21,449 (root) ->  INFO :: Start storage of analyse results [file : data/twitter/_TWITTER_COCA_2022-02-25_UNK_EN.csv, source : TWITTER, client : COCA, date : 2022-03-07]
2022-03-07 08:00:21,461 (root) ->  ERROR :: Error occurred during storage of analyse results  [file : data/twitter/_TWITTER_COCA_2022-02-25_UNK_EN.csv, source : TWITTER, client : COCA, date : 2022-03-07] -> 2013 (HY000): Lost connection to MySQL server during query
2022-03-07 08:00:21,461 (root) ->  INFO :: Start storage of analyse results [file : data/twitter/_TWITTER_COCA_2022-02-25_UNK_EN.csv, source : TWITTER, client : COCA, date : 2022-03-07]
2022-03-07 08:00:21,461 (root) ->  ERROR :: Error occurred during storage of analyse results  [file : data/twitter/_TWITTER_COCA_2022-02-25_UNK_EN.csv, source : TWITTER, client : COCA, date : 2022-03-07] -> 2013 (HY000): Lost connection to MySQL server during query
2022-03-07 08:00:21,461 (root) ->  INFO :: Start storage of analyse results [file : data/twitter/_TWITTER_COCA_2022-02-25_UNK_EN.csv, source : TWITTER, client : COCA, date : 2022-03-07]
2022-03-07 08:00:21,461 (root) ->  ERROR :: Error occurred during storage of analyse results  [file : data/twitter/_TWITTER_COCA_2022-02-25_UNK_EN.csv, source : TWITTER, client : COCA, date : 2022-03-07] -> 2013 (HY000): Lost connection to MySQL server during query
2022-03-07 08:00:21,461 (root) ->  INFO :: Start storage of analyse results [file : data/twitter/_TWITTER_COCA_2022-02-25_UNK_EN.csv, source : TWITTER, client : COCA, date : 2022-03-07]
2022-03-07 08:00:21,461 (root) ->  ERROR :: Error occurred during storage of analyse results  [file : data/twitter/_TWITTER_COCA_2022-02-25_UNK_EN.csv, source : TWITTER, client : COCA, date : 2022-03-07] -> 2013 (HY000): Lost connection to MySQL server during query
2022-03-07 08:00:21,461 (root) ->  INFO :: Start storage of analyse results [file : data/twitter/_TWITTER_COCA_2022-02-25_UNK_EN.csv, source : TWITTER, client : COCA, date : 2022-03-07]
2022-03-07 08:00:21,461 (root) ->  ERROR :: Error occurred during storage of analyse results  [file : data/twitter/_TWITTER_COCA_2022-02-25_UNK_EN.csv, source : TWITTER, client : COCA, date : 2022-03-07] -> 2013 (HY000): Lost connection to MySQL server during query
2022-03-07 08:00:21,461 (root) ->  INFO :: Start storage of analyse results [file : data/twitter/_TWITTER_COCA_2022-02-25_UNK_EN.csv, source : TWITTER, client : COCA, date : 2022-03-07]
2022-03-07 08:00:21,461 (root) ->  ERROR :: Error occurred during storage of analyse results  [file : data/twitter/_TWITTER_COCA_2022-02-25_UNK_EN.csv, source : TWITTER, client : COCA, date : 2022-03-07] -> 2013 (HY000): Lost connection to MySQL server during query
2022-03-07 08:00:21,461 (root) ->  INFO :: Start storage of analyse results [file : data/twitter/_TWITTER_COCA_2022-02-25_UNK_EN.csv, source : TWITTER, client : COCA, date : 2022-03-07]
2022-03-07 08:00:21,461 (root) ->  ERROR :: Error occurred during storage of analyse results  [file : data/twitter/_TWITTER_COCA_2022-02-25_UNK_EN.csv, source : TWITTER, client : COCA, date : 2022-03-07] -> 2013 (HY000): Lost connection to MySQL server during query
2022-03-07 08:00:21,461 (root) ->  INFO :: Start storage of analyse results [file : data/twitter/_TWITTER_COCA_2022-02-25_UNK_EN.csv, source : TWITTER, client : COCA, date : 2022-03-07]
2022-03-07 08:00:21,461 (root) ->  ERROR :: Error occurred during storage of analyse results  [file : data/twitter/_TWITTER_COCA_2022-02-25_UNK_EN.csv, source : TWITTER, client : COCA, date : 2022-03-07] -> 2013 (HY000): Lost connection to MySQL server during query
2022-03-07 08:00:21,461 (root) ->  INFO :: Start storage of analyse results [file : data/twitter/_TWITTER_COCA_2022-02-25_UNK_EN.csv, source : TWITTER, client : COCA, date : 2022-03-07]
2022-03-07 08:00:21,462 (root) ->  ERROR :: Error occurred during storage of analyse results  [file : data/twitter/_TWITTER_COCA_2022-02-25_UNK_EN.csv, source : TWITTER, client : COCA, date : 2022-03-07] -> 2013 (HY000): Lost connection to MySQL server during query
2022-03-07 08:00:21,462 (root) ->  INFO :: Start storage of analyse results [file : data/twitter/_TWITTER_COCA_2022-02-25_UNK_EN.csv, source : TWITTER, client : COCA, date : 2022-03-07]
2022-03-07 08:00:21,462 (root) ->  ERROR :: Error occurred during storage of analyse results  [file : data/twitter/_TWITTER_COCA_2022-02-25_UNK_EN.csv, source : TWITTER, client : COCA, date : 2022-03-07] -> 2013 (HY000): Lost connection to MySQL server during query
2022-03-07 08:00:21,462 (root) ->  INFO :: Start analysis [file : data/twitter/_TWITTER_COCA_2022-03-07_UNK_EN.csv, source : TWITTER, client : COCA, date : 2022-03-07]
2022-03-07 08:03:16,292 (root) ->  INFO :: Start fetching data from API [source : TWITTER, client : COCA, date : 2022-03-07]
2022-03-07 08:03:16,292 (root) ->  INFO :: Start fetching data from API [source : TWITTER, client : NETFLIX, date : 2022-03-07]
2022-03-07 08:03:33,933 (root) ->  ERROR :: Error occurred during fetching data from API [source : TWITTER, client : NETFLIX, date : 2022-03-07] -> Failed to send request: HTTPSConnectionPool(host='api.twitter.com', port=443): Pool is closed.
2022-03-07 08:03:33,941 (root) ->  ERROR :: Error occurred during fetching data from API [source : TWITTER, client : COCA, date : 2022-03-07] -> Failed to send request: HTTPSConnectionPool(host='api.twitter.com', port=443): Pool is closed.
2022-03-07 08:04:19,060 (root) ->  INFO :: Start fetching data from API [source : TWITTER, client : COCA, date : 2022-03-07]
2022-03-07 08:04:19,060 (root) ->  INFO :: Start fetching data from API [source : TWITTER, client : NETFLIX, date : 2022-03-07]
2022-03-07 08:04:32,865 (tweepy.api) ->  WARNING :: Rate limit reached. Sleeping for: 820
2022-03-07 08:04:32,879 (tweepy.api) ->  WARNING :: Rate limit reached. Sleeping for: 820
2022-03-07 08:18:25,513 (root) ->  INFO :: Start uploading files on the datalake [source : TWITTER, client : NETFLIX, date : 2022-03-07]
2022-03-07 08:18:25,513 (root) ->  INFO :: Start analysis [file : data/twitter/_TWITTER_NETFLIX_2022-03-07_UNK_EN.csv, source : TWITTER, client : NETFLIX, date : 2022-03-07]
2022-03-07 08:18:25,947 (root) ->  INFO :: Start storage of analyse results [file : data/twitter/_TWITTER_NETFLIX_2022-03-07_UNK_EN.csv, source : TWITTER, client : NETFLIX, date : 2022-03-07]
2022-03-07 08:18:29,221 (root) ->  INFO :: Start uploading files on the datalake [source : TWITTER, client : COCA, date : 2022-03-07]
2022-03-07 08:18:29,221 (root) ->  INFO :: Start analysis [file : data/twitter/_TWITTER_COCA_2022-02-25_UNK_EN.csv, source : TWITTER, client : COCA, date : 2022-03-07]
2022-03-07 08:18:29,501 (root) ->  INFO :: Start storage of analyse results [file : data/twitter/_TWITTER_COCA_2022-02-25_UNK_EN.csv, source : TWITTER, client : COCA, date : 2022-03-07]
2022-03-07 08:18:29,504 (root) ->  ERROR :: Error occurred during storage of analyse results  [file : data/twitter/_TWITTER_NETFLIX_2022-03-07_UNK_EN.csv, source : TWITTER, client : NETFLIX, date : 2022-03-07] -> 2013 (HY000): Lost connection to MySQL server during query
2022-03-07 08:25:58,286 (root) ->  INFO :: Start fetching data from API [source : TWITTER, client : COCA, date : 2022-03-07]
2022-03-07 08:25:58,287 (root) ->  INFO :: Start fetching data from API [source : TWITTER, client : NETFLIX, date : 2022-03-07]
2022-03-07 08:25:58,287 (root) ->  INFO :: Start uploading files on the datalake [source : TWITTER, client : COCA, date : 2022-03-07]
2022-03-07 08:25:58,287 (root) ->  INFO :: Start uploading files on the datalake [source : TWITTER, client : NETFLIX, date : 2022-03-07]
2022-03-07 08:25:58,287 (root) ->  INFO :: Start analysis [file : data/twitter/_TWITTER_NETFLIX_2022-03-07_UNK_EN.csv, source : TWITTER, client : NETFLIX, date : 2022-03-07]
2022-03-07 08:25:58,287 (root) ->  INFO :: Start analysis [file : data/twitter/_TWITTER_COCA_2022-02-25_UNK_EN.csv, source : TWITTER, client : COCA, date : 2022-03-07]
2022-03-07 08:26:16,372 (root) ->  INFO :: Start fetching data from API [source : TWITTER, client : COCA, date : 2022-03-07]
2022-03-07 08:26:16,373 (root) ->  INFO :: Start fetching data from API [source : TWITTER, client : NETFLIX, date : 2022-03-07]
2022-03-07 08:26:39,466 (tweepy.api) ->  WARNING :: Rate limit reached. Sleeping for: 393
2022-03-07 08:26:39,710 (tweepy.api) ->  WARNING :: Rate limit reached. Sleeping for: 393
2022-03-07 08:33:16,709 (root) ->  INFO :: Start uploading files on the datalake [source : TWITTER, client : COCA, date : 2022-03-07]
2022-03-07 08:33:16,710 (root) ->  INFO :: Start analysis [file : data/twitter/_TWITTER_COCA_2022-02-25_UNK_EN.csv, source : TWITTER, client : COCA, date : 2022-03-07]
2022-03-07 08:33:16,915 (root) ->  INFO :: Start analysis [file : data/twitter/_TWITTER_COCA_2022-03-07_UNK_EN.csv, source : TWITTER, client : COCA, date : 2022-03-07]
2022-03-07 08:33:23,436 (root) ->  INFO :: Start uploading files on the datalake [source : TWITTER, client : NETFLIX, date : 2022-03-07]
2022-03-07 08:33:23,437 (root) ->  INFO :: Start analysis [file : data/twitter/_TWITTER_NETFLIX_2022-03-07_UNK_EN.csv, source : TWITTER, client : NETFLIX, date : 2022-03-07]
2022-03-07 08:33:23,824 (root) ->  INFO :: Start storage of analyse results [file : data/twitter/_TWITTER_COCA_2022-02-25_UNK_EN.csv, source : TWITTER, client : COCA, date : 2022-03-07]
2022-03-07 08:33:35,266 (root) ->  INFO :: Start storage of analyse results [file : data/twitter/_TWITTER_COCA_2022-03-07_UNK_EN.csv, source : TWITTER, client : COCA, date : 2022-03-07]
2022-03-07 08:33:48,863 (root) ->  INFO :: Start storage of analyse results [file : data/twitter/_TWITTER_NETFLIX_2022-03-07_UNK_EN.csv, source : TWITTER, client : NETFLIX, date : 2022-03-07]
2022-03-07 08:44:23,724 (root) ->  INFO :: Start fetching data from API [source : TWITTER, client : COCA, date : 2022-03-07]
2022-03-07 08:44:23,725 (root) ->  INFO :: Start fetching data from API [source : TWITTER, client : NETFLIX, date : 2022-03-07]
2022-03-07 08:44:44,233 (root) ->  ERROR :: Error occurred during fetching data from API [source : TWITTER, client : NETFLIX, date : 2022-03-07] -> Failed to send request: HTTPSConnectionPool(host='api.twitter.com', port=443): Pool is closed.
2022-03-07 08:44:51,001 (root) ->  INFO :: Start uploading files on the datalake [source : TWITTER, client : COCA, date : 2022-03-07]
2022-03-07 08:44:51,001 (root) ->  INFO :: Start analysis [file : data/twitter/_TWITTER_COCA_2022-03-07_UNK_EN.csv, source : TWITTER, client : COCA, date : 2022-03-07]
2022-03-07 08:44:51,374 (root) ->  INFO :: Start storage of analyse results [file : data/twitter/_TWITTER_COCA_2022-03-07_UNK_EN.csv, source : TWITTER, client : COCA, date : 2022-03-07]
2022-03-07 15:48:42,785 (root) ->  INFO :: Start fetching data from API [source : TWITTER, client : COCA, date : 2022-03-07]
2022-03-07 15:49:09,229 (root) ->  INFO :: Start fetching data from API [source : TWITTER, client : NETFLIX, date : 2022-03-07]
2022-03-07 15:49:53,503 (root) ->  INFO :: Start fetching data from API [source : TWITTER, client : COCA, date : 2022-03-07]
2022-03-07 15:50:11,077 (tweepy.api) ->  WARNING :: Rate limit reached. Sleeping for: 808
2022-03-07 16:03:51,218 (root) ->  INFO :: Start fetching data from API [source : TWITTER, client : NETFLIX, date : 2022-03-07]
2022-03-07 16:04:20,880 (root) ->  INFO :: Start uploading files on the datalake [source : TWITTER, client : COCA, date : 2022-03-07]
2022-03-07 16:04:20,880 (root) ->  INFO :: Start analysis [file : data/twitter/_TWITTER_COCA_2022-03-07_UNK_EN.csv, source : TWITTER, client : COCA, date : 2022-03-07]
2022-03-07 16:04:20,880 (root) ->  INFO :: Start uploading files on the datalake [source : TWITTER, client : NETFLIX, date : 2022-03-07]
2022-03-07 16:04:20,881 (root) ->  INFO :: Start analysis [file : data/twitter/_TWITTER_NETFLIX_2022-03-07_UNK_EN.csv, source : TWITTER, client : NETFLIX, date : 2022-03-07]
2022-03-07 16:34:30,345 (root) ->  INFO :: Start fetching data from API [source : TWITTER, client : COCA, date : 2022-03-07]
2022-03-07 16:34:57,222 (root) ->  INFO :: Start fetching data from API [source : TWITTER, client : NETFLIX, date : 2022-03-07]
2022-03-07 16:35:24,366 (root) ->  INFO :: Start uploading files on the datalake [source : TWITTER, client : COCA, date : 2022-03-07]
2022-03-07 16:35:24,366 (root) ->  INFO :: Start uploading files on the datalake [source : TWITTER, client : NETFLIX, date : 2022-03-07]
2022-03-07 16:35:24,367 (root) ->  INFO :: Start analysis [file : data/twitter/_TWITTER_COCA_2022-03-07_UNK_EN.csv, source : TWITTER, client : COCA, date : 2022-03-07]
2022-03-07 16:35:24,367 (root) ->  INFO :: Start analysis [file : data/twitter/_TWITTER_NETFLIX_2022-03-07_UNK_EN.csv, source : TWITTER, client : NETFLIX, date : 2022-03-07]
2022-03-07 16:37:40,876 (root) ->  INFO :: Start fetching data from API [source : TWITTER, client : COCA, date : 2022-03-07]
2022-03-07 16:37:58,833 (tweepy.api) ->  WARNING :: Rate limit reached. Sleeping for: 688
2022-03-07 16:49:38,140 (root) ->  INFO :: Start fetching data from API [source : TWITTER, client : NETFLIX, date : 2022-03-07]
2022-03-07 16:50:05,687 (root) ->  INFO :: Start uploading files on the datalake [source : TWITTER, client : COCA, date : 2022-03-07]
2022-03-07 16:50:05,687 (root) ->  INFO :: Start uploading files on the datalake [source : TWITTER, client : NETFLIX, date : 2022-03-07]
2022-03-07 16:50:05,688 (root) ->  INFO :: Start analysis [file : data/twitter/_TWITTER_COCA_2022-03-07_UNK_EN.csv, source : TWITTER, client : COCA, date : 2022-03-07]
2022-03-07 16:50:05,688 (root) ->  INFO :: Start analysis [file : data/twitter/_TWITTER_NETFLIX_2022-03-07_UNK_EN.csv, source : TWITTER, client : NETFLIX, date : 2022-03-07]
2022-03-07 17:23:36,256 (root) ->  INFO :: Start fetching data from API [source : TWITTER, client : COCA, date : 2022-03-07]
2022-03-07 17:24:03,766 (root) ->  INFO :: Start uploading files on the datalake [source : TWITTER, client : COCA, date : 2022-03-07]
2022-03-07 17:24:03,766 (root) ->  INFO :: Start analysis [file : data/twitter/_TWITTER_COCA_2022-03-07_UNK_EN.csv, source : TWITTER, client : COCA, date : 2022-03-07]
2022-03-07 17:24:04,007 (root) ->  INFO :: Start fetching data from API [source : TWITTER, client : NETFLIX, date : 2022-03-07]
2022-03-07 17:24:30,183 (root) ->  INFO :: Start uploading files on the datalake [source : TWITTER, client : NETFLIX, date : 2022-03-07]
2022-03-07 17:24:30,184 (root) ->  INFO :: Start analysis [file : data/twitter/_TWITTER_NETFLIX_2022-03-07_UNK_EN.csv, source : TWITTER, client : NETFLIX, date : 2022-03-07]
2022-03-07 17:24:30,700 (root) ->  INFO :: Start storage of analyse results [file : data/twitter/_TWITTER_COCA_2022-03-07_UNK_EN.csv, source : TWITTER, client : COCA, date : 2022-03-07]
2022-03-07 17:24:36,766 (root) ->  INFO :: Start storage of analyse results [file : data/twitter/_TWITTER_NETFLIX_2022-03-07_UNK_EN.csv, source : TWITTER, client : NETFLIX, date : 2022-03-07]
2022-03-07 17:25:51,318 (root) ->  INFO :: Start fetching data from API [source : TWITTER, client : COCA, date : 2022-03-07]
2022-03-07 17:26:10,821 (tweepy.api) ->  WARNING :: Rate limit reached. Sleeping for: 742
2022-03-07 17:38:46,867 (root) ->  INFO :: Start uploading files on the datalake [source : TWITTER, client : COCA, date : 2022-03-07]
2022-03-07 17:38:46,867 (root) ->  INFO :: Start analysis [file : data/twitter/_TWITTER_COCA_2022-03-07_UNK_EN.csv, source : TWITTER, client : COCA, date : 2022-03-07]
2022-03-07 17:38:47,116 (root) ->  INFO :: Start storage of analyse results [file : data/twitter/_TWITTER_COCA_2022-03-07_UNK_EN.csv, source : TWITTER, client : COCA, date : 2022-03-07]
2022-03-07 17:38:54,297 (root) ->  INFO :: Start fetching data from API [source : TWITTER, client : NETFLIX, date : 2022-03-07]
2022-03-07 17:39:23,590 (root) ->  INFO :: Start uploading files on the datalake [source : TWITTER, client : NETFLIX, date : 2022-03-07]
2022-03-07 17:39:23,590 (root) ->  INFO :: Start analysis [file : data/twitter/_TWITTER_NETFLIX_2022-03-07_UNK_EN.csv, source : TWITTER, client : NETFLIX, date : 2022-03-07]
2022-03-07 17:39:24,138 (root) ->  INFO :: Start storage of analyse results [file : data/twitter/_TWITTER_NETFLIX_2022-03-07_UNK_EN.csv, source : TWITTER, client : NETFLIX, date : 2022-03-07]
